<?xml version="1.0" encoding="utf-8"?>
<test-run id="2" testcasecount="1" result="Failed(Child)" total="1" passed="0" failed="1" inconclusive="0" skipped="0" asserts="0" engine-version="3.5.0.0" clr-version="4.0.30319.42000" start-time="2026-05-15 14:06:22Z" end-time="2026-05-15 14:06:22Z" duration="0.0025497">
  <test-suite type="TestSuite" id="1033" name="ResonanceEngine" fullname="ResonanceEngine" runstate="Runnable" testcasecount="9" result="Failed" site="Child" start-time="2026-05-15 14:06:22Z" end-time="2026-05-15 14:06:22Z" duration="0.002550" total="1" passed="0" failed="1" inconclusive="0" skipped="0" asserts="0">
    <properties>
      <property name="platform" value="EditMode" />
    </properties>
    <failure>
      <message><![CDATA[One or more child tests had errors]]></message>
    </failure>
    <test-suite type="Assembly" id="1014" name="Tests.Editor.dll" fullname="C:/Users/miyashita/projects/ResonanceEngine/Library/ScriptAssemblies/Tests.Editor.dll" runstate="Runnable" testcasecount="9" result="Failed" site="Child" start-time="2026-05-15 14:06:22Z" end-time="2026-05-15 14:06:22Z" duration="0.001203" total="1" passed="0" failed="1" inconclusive="0" skipped="0" asserts="0">
      <properties>
        <property name="_PID" value="5988" />
        <property name="_APPDOMAIN" value="Unity Child Domain" />
        <property name="platform" value="EditMode" />
        <property name="EditorOnly" value="True" />
      </properties>
      <failure>
        <message><![CDATA[One or more child tests had errors]]></message>
      </failure>
      <test-suite type="TestSuite" id="1015" name="Tests" fullname="Tests" runstate="Runnable" testcasecount="9" result="Failed" site="Child" start-time="2026-05-15 14:06:22Z" end-time="2026-05-15 14:06:22Z" duration="0.001028" total="1" passed="0" failed="1" inconclusive="0" skipped="0" asserts="0">
        <properties />
        <failure>
          <message><![CDATA[One or more child tests had errors]]></message>
        </failure>
        <test-suite type="TestSuite" id="1016" name="Editor" fullname="Tests.Editor" runstate="Runnable" testcasecount="9" result="Failed" site="Child" start-time="2026-05-15 14:06:22Z" end-time="2026-05-15 14:06:22Z" duration="0.000889" total="1" passed="0" failed="1" inconclusive="0" skipped="0" asserts="0">
          <properties />
          <failure>
            <message><![CDATA[One or more child tests had errors]]></message>
          </failure>
          <test-suite type="TestSuite" id="1020" name="Domains" fullname="Tests.Editor.Domains" runstate="Runnable" testcasecount="8" result="Failed" site="Child" start-time="2026-05-15 14:06:22Z" end-time="2026-05-15 14:06:22Z" duration="0.000732" total="1" passed="0" failed="1" inconclusive="0" skipped="0" asserts="0">
            <properties />
            <failure>
              <message><![CDATA[One or more child tests had errors]]></message>
            </failure>
            <test-suite type="TestSuite" id="1021" name="Enemy" fullname="Tests.Editor.Domains.Enemy" runstate="Runnable" testcasecount="5" result="Failed" site="Child" start-time="2026-05-15 14:06:22Z" end-time="2026-05-15 14:06:22Z" duration="0.000606" total="1" passed="0" failed="1" inconclusive="0" skipped="0" asserts="0">
              <properties />
              <failure>
                <message><![CDATA[One or more child tests had errors]]></message>
              </failure>
              <test-suite type="TestFixture" id="1005" name="EnemyPatrolModelTests" fullname="Tests.Editor.Domains.Enemy.EnemyPatrolModelTests" classname="Tests.Editor.Domains.Enemy.EnemyPatrolModelTests" runstate="Runnable" testcasecount="4" result="Failed" site="Child" start-time="2026-05-15 14:06:22Z" end-time="2026-05-15 14:06:22Z" duration="0.000470" total="1" passed="0" failed="1" inconclusive="0" skipped="0" asserts="0">
                <properties />
                <failure>
                  <message><![CDATA[One or more child tests had errors]]></message>
                </failure>
                <test-case id="1006" name="Tick_MovesTowardsFirstWaypoint" fullname="Tests.Editor.Domains.Enemy.EnemyPatrolModelTests.Tick_MovesTowardsFirstWaypoint" methodname="Tick_MovesTowardsFirstWaypoint" classname="Tests.Editor.Domains.Enemy.EnemyPatrolModelTests" runstate="Runnable" seed="697518548" result="Failed" start-time="2026-05-15 14:06:22Z" end-time="2026-05-15 14:06:22Z" duration="0.000178" asserts="0">
                  <properties>
                    <property name="retryIteration" value="0" />
                    <property name="repeatIteration" value="0" />
                  </properties>
                  <failure>
                    <message><![CDATA[  Expected: 5.0d +/- 0.0010000000474974513d
  But was:  0.0d
]]></message>
                    <stack-trace><![CDATA[at Tests.Editor.Domains.Enemy.EnemyPatrolModelTests.Tick_MovesTowardsFirstWaypoint () [0x0004f] in C:\Users\miyashita\projects\ResonanceEngine\Assets\_Project\Tests\Editor\Domains\Enemy\EnemyPatrolModelTests.cs:23
]]></stack-trace>
                  </failure>
                  <output><![CDATA[Saving results to: C:/Users/miyashita/AppData/LocalLow/DefaultCompany/ResonanceEngine\TestResults.xml
]]></output>
                </test-case>
              </test-suite>
            </test-suite>
          </test-suite>
        </test-suite>
      </test-suite>
    </test-suite>
  </test-suite>
</test-run>